2025-09-04T12:20:36.378+09:00  INFO 64770 --- [demo] [restartedMain] com.example.demo.DemoApplication         : Starting DemoApplication using Java 24 with PID 64770 (/Users/gungoguma/Desktop/Lec2507/demo/build/classes/java/main started by gungoguma in /Users/gungoguma/Desktop/Lec2507/demo)
2025-09-04T12:20:36.383+09:00  INFO 64770 --- [demo] [restartedMain] com.example.demo.DemoApplication         : No active profile set, falling back to 1 default profile: "default"
2025-09-04T12:20:36.409+09:00  INFO 64770 --- [demo] [restartedMain] .e.DevToolsPropertyDefaultsPostProcessor : Devtools property defaults active! Set 'spring.devtools.add-properties' to 'false' to disable
2025-09-04T12:20:36.409+09:00  INFO 64770 --- [demo] [restartedMain] .e.DevToolsPropertyDefaultsPostProcessor : For additional web related logging consider setting the 'logging.level.web' property to 'DEBUG'
2025-09-04T12:20:36.756+09:00  WARN 64770 --- [demo] [restartedMain] o.m.s.mapper.ClassPathMapperScanner      : No MyBatis mapper was found in '[com.example.demo]' package. Please check your configuration.
2025-09-04T12:20:36.933+09:00  INFO 64770 --- [demo] [restartedMain] o.s.b.w.embedded.tomcat.TomcatWebServer  : Tomcat initialized with port 9191 (http)
2025-09-04T12:20:36.939+09:00  INFO 64770 --- [demo] [restartedMain] o.apache.catalina.core.StandardService   : Starting service [Tomcat]
2025-09-04T12:20:36.939+09:00  INFO 64770 --- [demo] [restartedMain] o.apache.catalina.core.StandardEngine    : Starting Servlet engine: [Apache Tomcat/10.1.44]
2025-09-04T12:20:36.951+09:00  INFO 64770 --- [demo] [restartedMain] o.a.c.c.C.[Tomcat].[localhost].[/]       : Initializing Spring embedded WebApplicationContext
2025-09-04T12:20:36.951+09:00  INFO 64770 --- [demo] [restartedMain] w.s.c.ServletWebServerApplicationContext : Root WebApplicationContext: initialization completed in 542 ms
2025-09-04T12:20:37.183+09:00  INFO 64770 --- [demo] [restartedMain] .w.s.a.s.AnnotationActionEndpointMapping : Supporting [WS-Addressing August 2004, WS-Addressing 1.0]
2025-09-04T12:20:37.193+09:00  INFO 64770 --- [demo] [restartedMain] o.s.b.d.a.OptionalLiveReloadServer       : LiveReload server is running on port 35729
2025-09-04T12:20:37.205+09:00  INFO 64770 --- [demo] [restartedMain] o.s.b.w.embedded.tomcat.TomcatWebServer  : Tomcat started on port 9191 (http) with context path '/'
2025-09-04T12:20:37.209+09:00  INFO 64770 --- [demo] [restartedMain] com.example.demo.DemoApplication         : Started DemoApplication in 1.027 seconds (process running for 1.461)
2025-09-04T12:20:41.478+09:00  INFO 64770 --- [demo] [http-nio-9191-exec-1] o.a.c.c.C.[Tomcat].[localhost].[/]       : Initializing Spring DispatcherServlet 'dispatcherServlet'
2025-09-04T12:20:41.479+09:00  INFO 64770 --- [demo] [http-nio-9191-exec-1] o.s.web.servlet.DispatcherServlet        : Initializing Servlet 'dispatcherServlet'
2025-09-04T12:20:41.479+09:00  INFO 64770 --- [demo] [http-nio-9191-exec-1] o.s.web.servlet.DispatcherServlet        : Completed initialization in 0 ms
2025-09-04T12:20:41.633+09:00  INFO 64770 --- [demo] [File Watcher] rtingClassPathChangeChangedEventListener : Restarting due to 6 class path changes (1 addition, 0 deletions, 5 modifications)
2025-09-04T12:20:41.634+09:00  INFO 64770 --- [demo] [Thread-5] o.s.b.w.e.tomcat.GracefulShutdown        : Commencing graceful shutdown. Waiting for active requests to complete
2025-09-04T12:20:41.637+09:00  INFO 64770 --- [demo] [tomcat-shutdown] o.s.b.w.e.tomcat.GracefulShutdown        : Graceful shutdown complete
2025-09-04T12:20:41.667+09:00  INFO 64770 --- [demo] [restartedMain] com.example.demo.DemoApplication         : Starting DemoApplication using Java 24 with PID 64770 (/Users/gungoguma/Desktop/Lec2507/demo/build/classes/java/main started by gungoguma in /Users/gungoguma/Desktop/Lec2507/demo)
2025-09-04T12:20:41.667+09:00  INFO 64770 --- [demo] [restartedMain] com.example.demo.DemoApplication         : No active profile set, falling back to 1 default profile: "default"
2025-09-04T12:20:41.753+09:00  WARN 64770 --- [demo] [restartedMain] o.m.s.mapper.ClassPathMapperScanner      : No MyBatis mapper was found in '[com.example.demo]' package. Please check your configuration.
2025-09-04T12:20:41.777+09:00  INFO 64770 --- [demo] [restartedMain] o.s.b.w.embedded.tomcat.TomcatWebServer  : Tomcat initialized with port 9191 (http)
2025-09-04T12:20:41.777+09:00  INFO 64770 --- [demo] [restartedMain] o.apache.catalina.core.StandardService   : Starting service [Tomcat]
2025-09-04T12:20:41.777+09:00  INFO 64770 --- [demo] [restartedMain] o.apache.catalina.core.StandardEngine    : Starting Servlet engine: [Apache Tomcat/10.1.44]
2025-09-04T12:20:41.784+09:00  INFO 64770 --- [demo] [restartedMain] o.a.c.c.C.[Tomcat].[localhost].[/]       : Initializing Spring embedded WebApplicationContext
2025-09-04T12:20:41.784+09:00  INFO 64770 --- [demo] [restartedMain] w.s.c.ServletWebServerApplicationContext : Root WebApplicationContext: initialization completed in 116 ms
2025-09-04T12:20:41.856+09:00  INFO 64770 --- [demo] [restartedMain] .w.s.a.s.AnnotationActionEndpointMapping : Supporting [WS-Addressing August 2004, WS-Addressing 1.0]
2025-09-04T12:20:41.861+09:00  INFO 64770 --- [demo] [restartedMain] o.s.b.d.a.OptionalLiveReloadServer       : LiveReload server is running on port 35729
2025-09-04T12:20:41.866+09:00  INFO 64770 --- [demo] [restartedMain] o.s.b.w.embedded.tomcat.TomcatWebServer  : Tomcat started on port 9191 (http) with context path '/'
2025-09-04T12:20:41.868+09:00  INFO 64770 --- [demo] [restartedMain] com.example.demo.DemoApplication         : Started DemoApplication in 0.211 seconds (process running for 6.119)
2025-09-04T12:20:41.868+09:00  INFO 64770 --- [demo] [restartedMain] .ConditionEvaluationDeltaLoggingListener : Condition evaluation unchanged
2025-09-04T12:20:51.332+09:00  INFO 64770 --- [demo] [File Watcher] rtingClassPathChangeChangedEventListener : Restarting due to 6 class path changes (0 additions, 0 deletions, 6 modifications)
2025-09-04T12:20:51.333+09:00  INFO 64770 --- [demo] [Thread-7] o.s.b.w.e.tomcat.GracefulShutdown        : Commencing graceful shutdown. Waiting for active requests to complete
2025-09-04T12:20:51.335+09:00  INFO 64770 --- [demo] [tomcat-shutdown] o.s.b.w.e.tomcat.GracefulShutdown        : Graceful shutdown complete
2025-09-04T12:20:51.366+09:00  INFO 64770 --- [demo] [restartedMain] com.example.demo.DemoApplication         : Starting DemoApplication using Java 24 with PID 64770 (/Users/gungoguma/Desktop/Lec2507/demo/build/classes/java/main started by gungoguma in /Users/gungoguma/Desktop/Lec2507/demo)
2025-09-04T12:20:51.366+09:00  INFO 64770 --- [demo] [restartedMain] com.example.demo.DemoApplication         : No active profile set, falling back to 1 default profile: "default"
2025-09-04T12:20:51.415+09:00  WARN 64770 --- [demo] [restartedMain] o.m.s.mapper.ClassPathMapperScanner      : No MyBatis mapper was found in '[com.example.demo]' package. Please check your configuration.
2025-09-04T12:20:51.431+09:00  INFO 64770 --- [demo] [restartedMain] o.s.b.w.embedded.tomcat.TomcatWebServer  : Tomcat initialized with port 9191 (http)
2025-09-04T12:20:51.431+09:00  INFO 64770 --- [demo] [restartedMain] o.apache.catalina.core.StandardService   : Starting service [Tomcat]
2025-09-04T12:20:51.431+09:00  INFO 64770 --- [demo] [restartedMain] o.apache.catalina.core.StandardEngine    : Starting Servlet engine: [Apache Tomcat/10.1.44]
2025-09-04T12:20:51.435+09:00  INFO 64770 --- [demo] [restartedMain] o.a.c.c.C.[Tomcat].[localhost].[/]       : Initializing Spring embedded WebApplicationContext
2025-09-04T12:20:51.435+09:00  INFO 64770 --- [demo] [restartedMain] w.s.c.ServletWebServerApplicationContext : Root WebApplicationContext: initialization completed in 68 ms
2025-09-04T12:20:51.477+09:00  INFO 64770 --- [demo] [restartedMain] .w.s.a.s.AnnotationActionEndpointMapping : Supporting [WS-Addressing August 2004, WS-Addressing 1.0]
2025-09-04T12:20:51.479+09:00  INFO 64770 --- [demo] [restartedMain] o.s.b.d.a.OptionalLiveReloadServer       : LiveReload server is running on port 35729
2025-09-04T12:20:51.483+09:00  INFO 64770 --- [demo] [restartedMain] o.s.b.w.embedded.tomcat.TomcatWebServer  : Tomcat started on port 9191 (http) with context path '/'
2025-09-04T12:20:51.485+09:00  INFO 64770 --- [demo] [restartedMain] com.example.demo.DemoApplication         : Started DemoApplication in 0.127 seconds (process running for 15.736)
2025-09-04T12:20:51.485+09:00  INFO 64770 --- [demo] [restartedMain] .ConditionEvaluationDeltaLoggingListener : Condition evaluation unchanged
2025-09-04T12:20:54.612+09:00  INFO 64770 --- [demo] [http-nio-9191-exec-2] o.a.c.c.C.[Tomcat].[localhost].[/]       : Initializing Spring DispatcherServlet 'dispatcherServlet'
2025-09-04T12:20:54.613+09:00  INFO 64770 --- [demo] [http-nio-9191-exec-2] o.s.web.servlet.DispatcherServlet        : Initializing Servlet 'dispatcherServlet'
2025-09-04T12:20:54.613+09:00  INFO 64770 --- [demo] [http-nio-9191-exec-2] o.s.web.servlet.DispatcherServlet        : Completed initialization in 0 ms
2025-09-04T12:21:07.004+09:00  INFO 64770 --- [demo] [File Watcher] rtingClassPathChangeChangedEventListener : Restarting due to 6 class path changes (0 additions, 0 deletions, 6 modifications)
2025-09-04T12:21:07.005+09:00  INFO 64770 --- [demo] [Thread-11] o.s.b.w.e.tomcat.GracefulShutdown        : Commencing graceful shutdown. Waiting for active requests to complete
2025-09-04T12:21:07.006+09:00  INFO 64770 --- [demo] [tomcat-shutdown] o.s.b.w.e.tomcat.GracefulShutdown        : Graceful shutdown complete
2025-09-04T12:21:07.043+09:00  INFO 64770 --- [demo] [restartedMain] com.example.demo.DemoApplication         : Starting DemoApplication using Java 24 with PID 64770 (/Users/gungoguma/Desktop/Lec2507/demo/build/classes/java/main started by gungoguma in /Users/gungoguma/Desktop/Lec2507/demo)
2025-09-04T12:21:07.043+09:00  INFO 64770 --- [demo] [restartedMain] com.example.demo.DemoApplication         : No active profile set, falling back to 1 default profile: "default"
2025-09-04T12:21:07.093+09:00  WARN 64770 --- [demo] [restartedMain] o.m.s.mapper.ClassPathMapperScanner      : No MyBatis mapper was found in '[com.example.demo]' package. Please check your configuration.
2025-09-04T12:21:07.108+09:00  INFO 64770 --- [demo] [restartedMain] o.s.b.w.embedded.tomcat.TomcatWebServer  : Tomcat initialized with port 9191 (http)
2025-09-04T12:21:07.108+09:00  INFO 64770 --- [demo] [restartedMain] o.apache.catalina.core.StandardService   : Starting service [Tomcat]
2025-09-04T12:21:07.108+09:00  INFO 64770 --- [demo] [restartedMain] o.apache.catalina.core.StandardEngine    : Starting Servlet engine: [Apache Tomcat/10.1.44]
2025-09-04T12:21:07.111+09:00  INFO 64770 --- [demo] [restartedMain] o.a.c.c.C.[Tomcat].[localhost].[/]       : Initializing Spring embedded WebApplicationContext
2025-09-04T12:21:07.112+09:00  INFO 64770 --- [demo] [restartedMain] w.s.c.ServletWebServerApplicationContext : Root WebApplicationContext: initialization completed in 68 ms
2025-09-04T12:21:07.162+09:00  INFO 64770 --- [demo] [restartedMain] .w.s.a.s.AnnotationActionEndpointMapping : Supporting [WS-Addressing August 2004, WS-Addressing 1.0]
2025-09-04T12:21:07.164+09:00  INFO 64770 --- [demo] [restartedMain] o.s.b.d.a.OptionalLiveReloadServer       : LiveReload server is running on port 35729
2025-09-04T12:21:07.168+09:00  INFO 64770 --- [demo] [restartedMain] o.s.b.w.embedded.tomcat.TomcatWebServer  : Tomcat started on port 9191 (http) with context path '/'
2025-09-04T12:21:07.170+09:00  INFO 64770 --- [demo] [restartedMain] com.example.demo.DemoApplication         : Started DemoApplication in 0.135 seconds (process running for 31.421)
2025-09-04T12:21:07.170+09:00  INFO 64770 --- [demo] [restartedMain] .ConditionEvaluationDeltaLoggingListener : Condition evaluation unchanged
2025-09-04T12:21:09.587+09:00  INFO 64770 --- [demo] [File Watcher] rtingClassPathChangeChangedEventListener : Restarting due to 6 class path changes (0 additions, 0 deletions, 6 modifications)
2025-09-04T12:21:09.588+09:00  INFO 64770 --- [demo] [Thread-15] o.s.b.w.e.tomcat.GracefulShutdown        : Commencing graceful shutdown. Waiting for active requests to complete
2025-09-04T12:21:09.591+09:00  INFO 64770 --- [demo] [tomcat-shutdown] o.s.b.w.e.tomcat.GracefulShutdown        : Graceful shutdown complete
2025-09-04T12:21:09.632+09:00  INFO 64770 --- [demo] [restartedMain] com.example.demo.DemoApplication         : Starting DemoApplication using Java 24 with PID 64770 (/Users/gungoguma/Desktop/Lec2507/demo/build/classes/java/main started by gungoguma in /Users/gungoguma/Desktop/Lec2507/demo)
2025-09-04T12:21:09.632+09:00  INFO 64770 --- [demo] [restartedMain] com.example.demo.DemoApplication         : No active profile set, falling back to 1 default profile: "default"
2025-09-04T12:21:09.671+09:00  WARN 64770 --- [demo] [restartedMain] o.m.s.mapper.ClassPathMapperScanner      : No MyBatis mapper was found in '[com.example.demo]' package. Please check your configuration.
2025-09-04T12:21:09.683+09:00  INFO 64770 --- [demo] [restartedMain] o.s.b.w.embedded.tomcat.TomcatWebServer  : Tomcat initialized with port 9191 (http)
2025-09-04T12:21:09.684+09:00  INFO 64770 --- [demo] [restartedMain] o.apache.catalina.core.StandardService   : Starting service [Tomcat]
2025-09-04T12:21:09.684+09:00  INFO 64770 --- [demo] [restartedMain] o.apache.catalina.core.StandardEngine    : Starting Servlet engine: [Apache Tomcat/10.1.44]
2025-09-04T12:21:09.686+09:00  INFO 64770 --- [demo] [restartedMain] o.a.c.c.C.[Tomcat].[localhost].[/]       : Initializing Spring embedded WebApplicationContext
2025-09-04T12:21:09.686+09:00  INFO 64770 --- [demo] [restartedMain] w.s.c.ServletWebServerApplicationContext : Root WebApplicationContext: initialization completed in 54 ms
2025-09-04T12:21:09.722+09:00  INFO 64770 --- [demo] [restartedMain] .w.s.a.s.AnnotationActionEndpointMapping : Supporting [WS-Addressing August 2004, WS-Addressing 1.0]
2025-09-04T12:21:09.724+09:00  INFO 64770 --- [demo] [restartedMain] o.s.b.d.a.OptionalLiveReloadServer       : LiveReload server is running on port 35729
2025-09-04T12:21:09.730+09:00  INFO 64770 --- [demo] [restartedMain] o.s.b.w.embedded.tomcat.TomcatWebServer  : Tomcat started on port 9191 (http) with context path '/'
2025-09-04T12:21:09.731+09:00  INFO 64770 --- [demo] [restartedMain] com.example.demo.DemoApplication         : Started DemoApplication in 0.107 seconds (process running for 33.982)
2025-09-04T12:21:09.732+09:00  INFO 64770 --- [demo] [restartedMain] .ConditionEvaluationDeltaLoggingListener : Condition evaluation unchanged
2025-09-04T12:21:21.247+09:00  INFO 64770 --- [demo] [File Watcher] rtingClassPathChangeChangedEventListener : Restarting due to 6 class path changes (0 additions, 0 deletions, 6 modifications)
2025-09-04T12:21:21.249+09:00  INFO 64770 --- [demo] [Thread-19] o.s.b.w.e.tomcat.GracefulShutdown        : Commencing graceful shutdown. Waiting for active requests to complete
2025-09-04T12:21:21.251+09:00  INFO 64770 --- [demo] [tomcat-shutdown] o.s.b.w.e.tomcat.GracefulShutdown        : Graceful shutdown complete
2025-09-04T12:21:21.290+09:00  INFO 64770 --- [demo] [restartedMain] com.example.demo.DemoApplication         : Starting DemoApplication using Java 24 with PID 64770 (/Users/gungoguma/Desktop/Lec2507/demo/build/classes/java/main started by gungoguma in /Users/gungoguma/Desktop/Lec2507/demo)
2025-09-04T12:21:21.290+09:00  INFO 64770 --- [demo] [restartedMain] com.example.demo.DemoApplication         : No active profile set, falling back to 1 default profile: "default"
2025-09-04T12:21:21.328+09:00  WARN 64770 --- [demo] [restartedMain] o.m.s.mapper.ClassPathMapperScanner      : No MyBatis mapper was found in '[com.example.demo]' package. Please check your configuration.
2025-09-04T12:21:21.340+09:00  INFO 64770 --- [demo] [restartedMain] o.s.b.w.embedded.tomcat.TomcatWebServer  : Tomcat initialized with port 9191 (http)
2025-09-04T12:21:21.340+09:00  INFO 64770 --- [demo] [restartedMain] o.apache.catalina.core.StandardService   : Starting service [Tomcat]
2025-09-04T12:21:21.340+09:00  INFO 64770 --- [demo] [restartedMain] o.apache.catalina.core.StandardEngine    : Starting Servlet engine: [Apache Tomcat/10.1.44]
2025-09-04T12:21:21.343+09:00  INFO 64770 --- [demo] [restartedMain] o.a.c.c.C.[Tomcat].[localhost].[/]       : Initializing Spring embedded WebApplicationContext
2025-09-04T12:21:21.343+09:00  INFO 64770 --- [demo] [restartedMain] w.s.c.ServletWebServerApplicationContext : Root WebApplicationContext: initialization completed in 53 ms
2025-09-04T12:21:21.379+09:00  INFO 64770 --- [demo] [restartedMain] .w.s.a.s.AnnotationActionEndpointMapping : Supporting [WS-Addressing August 2004, WS-Addressing 1.0]
2025-09-04T12:21:21.381+09:00  INFO 64770 --- [demo] [restartedMain] o.s.b.d.a.OptionalLiveReloadServer       : LiveReload server is running on port 35729
2025-09-04T12:21:21.387+09:00  INFO 64770 --- [demo] [restartedMain] o.s.b.w.embedded.tomcat.TomcatWebServer  : Tomcat started on port 9191 (http) with context path '/'
2025-09-04T12:21:21.388+09:00  INFO 64770 --- [demo] [restartedMain] com.example.demo.DemoApplication         : Started DemoApplication in 0.105 seconds (process running for 45.639)
2025-09-04T12:21:21.389+09:00  INFO 64770 --- [demo] [restartedMain] .ConditionEvaluationDeltaLoggingListener : Condition evaluation unchanged
2025-09-04T12:21:27.835+09:00  INFO 64770 --- [demo] [File Watcher] rtingClassPathChangeChangedEventListener : Restarting due to 6 class path changes (0 additions, 0 deletions, 6 modifications)
2025-09-04T12:21:27.835+09:00  INFO 64770 --- [demo] [Thread-23] o.s.b.w.e.tomcat.GracefulShutdown        : Commencing graceful shutdown. Waiting for active requests to complete
2025-09-04T12:21:27.837+09:00  INFO 64770 --- [demo] [tomcat-shutdown] o.s.b.w.e.tomcat.GracefulShutdown        : Graceful shutdown complete
2025-09-04T12:21:27.877+09:00  INFO 64770 --- [demo] [restartedMain] com.example.demo.DemoApplication         : Starting DemoApplication using Java 24 with PID 64770 (/Users/gungoguma/Desktop/Lec2507/demo/build/classes/java/main started by gungoguma in /Users/gungoguma/Desktop/Lec2507/demo)
2025-09-04T12:21:27.877+09:00  INFO 64770 --- [demo] [restartedMain] com.example.demo.DemoApplication         : No active profile set, falling back to 1 default profile: "default"
2025-09-04T12:21:27.950+09:00  WARN 64770 --- [demo] [restartedMain] o.m.s.mapper.ClassPathMapperScanner      : No MyBatis mapper was found in '[com.example.demo]' package. Please check your configuration.
2025-09-04T12:21:27.970+09:00  INFO 64770 --- [demo] [restartedMain] o.s.b.w.embedded.tomcat.TomcatWebServer  : Tomcat initialized with port 9191 (http)
2025-09-04T12:21:27.970+09:00  INFO 64770 --- [demo] [restartedMain] o.apache.catalina.core.StandardService   : Starting service [Tomcat]
2025-09-04T12:21:27.970+09:00  INFO 64770 --- [demo] [restartedMain] o.apache.catalina.core.StandardEngine    : Starting Servlet engine: [Apache Tomcat/10.1.44]
2025-09-04T12:21:27.974+09:00  INFO 64770 --- [demo] [restartedMain] o.a.c.c.C.[Tomcat].[localhost].[/]       : Initializing Spring embedded WebApplicationContext
2025-09-04T12:21:27.974+09:00  INFO 64770 --- [demo] [restartedMain] w.s.c.ServletWebServerApplicationContext : Root WebApplicationContext: initialization completed in 96 ms
2025-09-04T12:21:28.015+09:00  INFO 64770 --- [demo] [restartedMain] .w.s.a.s.AnnotationActionEndpointMapping : Supporting [WS-Addressing August 2004, WS-Addressing 1.0]
2025-09-04T12:21:28.017+09:00  INFO 64770 --- [demo] [restartedMain] o.s.b.d.a.OptionalLiveReloadServer       : LiveReload server is running on port 35729
2025-09-04T12:21:28.023+09:00  INFO 64770 --- [demo] [restartedMain] o.s.b.w.embedded.tomcat.TomcatWebServer  : Tomcat started on port 9191 (http) with context path '/'
2025-09-04T12:21:28.024+09:00  INFO 64770 --- [demo] [restartedMain] com.example.demo.DemoApplication         : Started DemoApplication in 0.157 seconds (process running for 52.275)
2025-09-04T12:21:28.025+09:00  INFO 64770 --- [demo] [restartedMain] .ConditionEvaluationDeltaLoggingListener : Condition evaluation unchanged
2025-09-04T12:21:47.994+09:00  INFO 64770 --- [demo] [SpringApplicationShutdownHook] o.s.b.w.e.tomcat.GracefulShutdown        : Commencing graceful shutdown. Waiting for active requests to complete
2025-09-04T12:21:47.996+09:00  INFO 64770 --- [demo] [tomcat-shutdown] o.s.b.w.e.tomcat.GracefulShutdown        : Graceful shutdown complete
